2026-04-28 09:35:32,892 [INFO] ======================================================================
2026-04-28 09:35:32,894 [INFO] S2 aggregate ensemble \u2014 n_trials=100, seed_base=1000, n_workers=8
2026-04-28 09:35:32,895 [INFO] ======================================================================
2026-04-28 09:35:32,897 [INFO] [parallel] cond=C0u n_seeds=100 n_workers=8 out=C:\Users\yuito\OneDrive\Documents\GitHub\speculation-game-info\experiments\YH006_1\data\C0u
2026-04-28 09:39:43,273 [INFO] [parallel] C0u seed=1005 done (1/100): runtime=56.9s n_rt=1,042,892 n_sub=10501
2026-04-28 09:39:43,506 [INFO] [parallel] C0u seed=1000 done (2/100): runtime=56.4s n_rt=1,044,416 n_sub=10780
2026-04-28 09:39:45,604 [INFO] [parallel] C0u seed=1007 done (3/100): runtime=56.2s n_rt=1,041,885 n_sub=10584
2026-04-28 09:39:46,105 [INFO] [parallel] C0u seed=1001 done (4/100): runtime=56.8s n_rt=1,047,754 n_sub=10658
2026-04-28 09:39:46,124 [INFO] [parallel] C0u seed=1003 done (5/100): runtime=57.0s n_rt=1,042,237 n_sub=10597
2026-04-28 09:39:46,331 [INFO] [parallel] C0u seed=1002 done (6/100): runtime=56.4s n_rt=1,047,217 n_sub=10613
2026-04-28 09:39:47,828 [INFO] [parallel] C0u seed=1006 done (7/100): runtime=57.4s n_rt=1,048,394 n_sub=10630
2026-04-28 09:39:48,853 [INFO] [parallel] C0u seed=1004 done (8/100): runtime=56.8s n_rt=1,043,883 n_sub=10835
2026-04-28 09:43:43,214 [INFO] [parallel] C0u seed=1009 done (9/100): runtime=57.9s n_rt=1,045,796 n_sub=10741
2026-04-28 09:43:43,692 [INFO] [parallel] C0u seed=1008 done (10/100): runtime=58.3s n_rt=1,045,121 n_sub=10608
2026-04-28 09:43:48,593 [INFO] [parallel] C0u seed=1011 done (11/100): runtime=58.1s n_rt=1,047,411 n_sub=10580
2026-04-28 09:43:49,111 [INFO] [parallel] C0u seed=1013 done (12/100): runtime=58.4s n_rt=1,042,196 n_sub=10707
2026-04-28 09:43:49,773 [INFO] [parallel] C0u seed=1010 done (13/100): runtime=58.2s n_rt=1,046,686 n_sub=10864
2026-04-28 09:43:49,811 [INFO] [parallel] C0u seed=1012 done (14/100): runtime=58.0s n_rt=1,044,492 n_sub=10539
2026-04-28 09:43:50,791 [INFO] [parallel] C0u seed=1014 done (15/100): runtime=58.1s n_rt=1,042,988 n_sub=10683
2026-04-28 09:43:53,241 [INFO] [parallel] C0u seed=1015 done (16/100): runtime=58.7s n_rt=1,041,911 n_sub=10497
2026-04-28 09:47:40,683 [INFO] [parallel] C0u seed=1016 done (17/100): runtime=59.0s n_rt=1,042,631 n_sub=10651
2026-04-28 09:47:42,134 [INFO] [parallel] C0u seed=1017 done (18/100): runtime=58.4s n_rt=1,044,910 n_sub=10431
2026-04-28 09:47:48,872 [INFO] [parallel] C0u seed=1019 done (19/100): runtime=57.9s n_rt=1,045,367 n_sub=10525
2026-04-28 09:47:49,168 [INFO] [parallel] C0u seed=1018 done (20/100): runtime=58.4s n_rt=1,044,596 n_sub=10635
2026-04-28 09:47:50,067 [INFO] [parallel] C0u seed=1020 done (21/100): runtime=57.8s n_rt=1,042,956 n_sub=10519
2026-04-28 09:47:50,148 [INFO] [parallel] C0u seed=1022 done (22/100): runtime=57.7s n_rt=1,042,334 n_sub=10707
2026-04-28 09:47:50,415 [INFO] [parallel] C0u seed=1021 done (23/100): runtime=57.7s n_rt=1,040,388 n_sub=10776
2026-04-28 09:47:54,269 [INFO] [parallel] C0u seed=1023 done (24/100): runtime=57.1s n_rt=1,045,707 n_sub=10604
2026-04-28 09:51:42,225 [INFO] [parallel] C0u seed=1024 done (25/100): runtime=58.6s n_rt=1,045,512 n_sub=10681
2026-04-28 09:51:46,823 [INFO] [parallel] C0u seed=1025 done (26/100): runtime=58.8s n_rt=1,048,110 n_sub=10794
2026-04-28 09:51:53,423 [INFO] [parallel] C0u seed=1027 done (27/100): runtime=57.0s n_rt=1,038,993 n_sub=10597
2026-04-28 09:51:53,984 [INFO] [parallel] C0u seed=1029 done (28/100): runtime=56.9s n_rt=1,044,291 n_sub=10485
2026-04-28 09:51:54,110 [INFO] [parallel] C0u seed=1026 done (29/100): runtime=57.4s n_rt=1,042,501 n_sub=10673
2026-04-28 09:51:54,404 [INFO] [parallel] C0u seed=1030 done (30/100): runtime=57.2s n_rt=1,044,415 n_sub=10766
2026-04-28 09:51:55,381 [INFO] [parallel] C0u seed=1028 done (31/100): runtime=57.4s n_rt=1,041,189 n_sub=10712
2026-04-28 09:52:02,819 [INFO] [parallel] C0u seed=1031 done (32/100): runtime=56.9s n_rt=1,046,242 n_sub=10950
2026-04-28 09:55:46,038 [INFO] [parallel] C0u seed=1032 done (33/100): runtime=59.6s n_rt=1,044,736 n_sub=10530
2026-04-28 09:55:50,515 [INFO] [parallel] C0u seed=1033 done (34/100): runtime=58.8s n_rt=1,044,450 n_sub=10529
2026-04-28 09:55:58,169 [INFO] [parallel] C0u seed=1035 done (35/100): runtime=57.3s n_rt=1,045,376 n_sub=10642
2026-04-28 09:55:58,534 [INFO] [parallel] C0u seed=1034 done (36/100): runtime=57.7s n_rt=1,040,249 n_sub=10456
2026-04-28 09:55:59,093 [INFO] [parallel] C0u seed=1037 done (37/100): runtime=56.6s n_rt=1,041,447 n_sub=10493
2026-04-28 09:56:01,722 [INFO] [parallel] C0u seed=1036 done (38/100): runtime=57.6s n_rt=1,046,279 n_sub=10592
2026-04-28 09:56:02,289 [INFO] [parallel] C0u seed=1038 done (39/100): runtime=57.3s n_rt=1,046,232 n_sub=10506
2026-04-28 09:56:13,355 [INFO] [parallel] C0u seed=1039 done (40/100): runtime=56.9s n_rt=1,049,547 n_sub=10514
2026-04-28 09:59:45,743 [INFO] [parallel] C0u seed=1040 done (41/100): runtime=61.5s n_rt=1,042,764 n_sub=10527
2026-04-28 09:59:49,388 [INFO] [parallel] C0u seed=1041 done (42/100): runtime=60.0s n_rt=1,045,901 n_sub=10413
2026-04-28 09:59:58,649 [INFO] [parallel] C0u seed=1044 done (43/100): runtime=58.5s n_rt=1,044,577 n_sub=10790
2026-04-28 09:59:59,066 [INFO] [parallel] C0u seed=1042 done (44/100): runtime=58.8s n_rt=1,042,782 n_sub=10597
2026-04-28 10:00:01,285 [INFO] [parallel] C0u seed=1043 done (45/100): runtime=59.4s n_rt=1,048,865 n_sub=10605
2026-04-28 10:00:03,027 [INFO] [parallel] C0u seed=1045 done (46/100): runtime=58.5s n_rt=1,045,438 n_sub=10538
2026-04-28 10:00:04,314 [INFO] [parallel] C0u seed=1046 done (47/100): runtime=58.3s n_rt=1,045,982 n_sub=10738
2026-04-28 10:00:18,066 [INFO] [parallel] C0u seed=1047 done (48/100): runtime=56.4s n_rt=1,042,418 n_sub=10536
2026-04-28 10:03:43,314 [INFO] [parallel] C0u seed=1048 done (49/100): runtime=60.0s n_rt=1,047,300 n_sub=10594
2026-04-28 10:03:46,336 [INFO] [parallel] C0u seed=1049 done (50/100): runtime=59.0s n_rt=1,046,791 n_sub=10749
2026-04-28 10:03:58,785 [INFO] [parallel] C0u seed=1050 done (51/100): runtime=58.0s n_rt=1,046,125 n_sub=10694
2026-04-28 10:04:00,611 [INFO] [parallel] C0u seed=1051 done (52/100): runtime=57.9s n_rt=1,046,456 n_sub=10693
2026-04-28 10:04:00,821 [INFO] [parallel] C0u seed=1052 done (53/100): runtime=57.4s n_rt=1,042,691 n_sub=10643
2026-04-28 10:04:05,258 [INFO] [parallel] C0u seed=1054 done (54/100): runtime=57.4s n_rt=1,041,336 n_sub=10769
2026-04-28 10:04:06,092 [INFO] [parallel] C0u seed=1053 done (55/100): runtime=58.0s n_rt=1,045,181 n_sub=10425
2026-04-28 10:04:22,139 [INFO] [parallel] C0u seed=1055 done (56/100): runtime=55.0s n_rt=1,045,861 n_sub=10326
2026-04-28 10:07:47,161 [INFO] [parallel] C0u seed=1056 done (57/100): runtime=61.3s n_rt=1,042,442 n_sub=10469
2026-04-28 10:07:51,522 [INFO] [parallel] C0u seed=1057 done (58/100): runtime=60.6s n_rt=1,044,308 n_sub=10897
2026-04-28 10:08:04,822 [INFO] [parallel] C0u seed=1059 done (59/100): runtime=58.5s n_rt=1,037,562 n_sub=10568
2026-04-28 10:08:05,084 [INFO] [parallel] C0u seed=1060 done (60/100): runtime=58.7s n_rt=1,042,562 n_sub=10455
2026-04-28 10:08:05,337 [INFO] [parallel] C0u seed=1058 done (61/100): runtime=59.2s n_rt=1,044,728 n_sub=10675
2026-04-28 10:08:10,053 [INFO] [parallel] C0u seed=1062 done (62/100): runtime=57.5s n_rt=1,045,293 n_sub=10554
2026-04-28 10:08:10,685 [INFO] [parallel] C0u seed=1061 done (63/100): runtime=58.6s n_rt=1,042,017 n_sub=10567
2026-04-28 10:08:32,050 [INFO] [parallel] C0u seed=1063 done (64/100): runtime=59.0s n_rt=1,042,632 n_sub=10556
2026-04-28 10:11:55,399 [INFO] [parallel] C0u seed=1064 done (65/100): runtime=61.4s n_rt=1,045,529 n_sub=10431
2026-04-28 10:12:01,008 [INFO] [parallel] C0u seed=1065 done (66/100): runtime=60.4s n_rt=1,046,674 n_sub=10749
2026-04-28 10:12:13,778 [INFO] [parallel] C0u seed=1068 done (67/100): runtime=59.0s n_rt=1,042,257 n_sub=10304
2026-04-28 10:12:16,074 [INFO] [parallel] C0u seed=1067 done (68/100): runtime=59.9s n_rt=1,050,538 n_sub=10672
2026-04-28 10:12:16,279 [INFO] [parallel] C0u seed=1066 done (69/100): runtime=59.8s n_rt=1,049,761 n_sub=10534
2026-04-28 10:12:20,474 [INFO] [parallel] C0u seed=1069 done (70/100): runtime=60.4s n_rt=1,045,407 n_sub=10754
2026-04-28 10:12:20,615 [INFO] [parallel] C0u seed=1070 done (71/100): runtime=59.1s n_rt=1,045,275 n_sub=10591
2026-04-28 10:12:46,185 [INFO] [parallel] C0u seed=1071 done (72/100): runtime=60.9s n_rt=1,046,212 n_sub=10590
2026-04-28 10:15:56,136 [INFO] [parallel] C0u seed=1072 done (73/100): runtime=62.3s n_rt=1,040,583 n_sub=10495
2026-04-28 10:16:05,121 [INFO] [parallel] C0u seed=1073 done (74/100): runtime=62.1s n_rt=1,048,893 n_sub=10867
2026-04-28 10:16:16,491 [INFO] [parallel] C0u seed=1074 done (75/100): runtime=60.4s n_rt=1,041,772 n_sub=10658
2026-04-28 10:16:20,155 [INFO] [parallel] C0u seed=1076 done (76/100): runtime=60.2s n_rt=1,044,222 n_sub=10657
2026-04-28 10:16:20,811 [INFO] [parallel] C0u seed=1075 done (77/100): runtime=60.1s n_rt=1,045,672 n_sub=10624
2026-04-28 10:16:23,595 [INFO] [parallel] C0u seed=1077 done (78/100): runtime=59.3s n_rt=1,047,571 n_sub=10553
2026-04-28 10:16:25,225 [INFO] [parallel] C0u seed=1078 done (79/100): runtime=59.6s n_rt=1,045,279 n_sub=10689
2026-04-28 10:16:53,249 [INFO] [parallel] C0u seed=1079 done (80/100): runtime=58.3s n_rt=1,044,230 n_sub=10517
2026-04-28 10:19:59,806 [INFO] [parallel] C0u seed=1080 done (81/100): runtime=62.1s n_rt=1,044,420 n_sub=10703
2026-04-28 10:20:06,446 [INFO] [parallel] C0u seed=1081 done (82/100): runtime=60.7s n_rt=1,045,332 n_sub=10543
2026-04-28 10:20:19,039 [INFO] [parallel] C0u seed=1082 done (83/100): runtime=59.1s n_rt=1,043,929 n_sub=10627
2026-04-28 10:20:22,371 [INFO] [parallel] C0u seed=1084 done (84/100): runtime=58.5s n_rt=1,042,880 n_sub=10289
2026-04-28 10:20:24,136 [INFO] [parallel] C0u seed=1083 done (85/100): runtime=59.7s n_rt=1,047,219 n_sub=10757
2026-04-28 10:20:26,939 [INFO] [parallel] C0u seed=1085 done (86/100): runtime=59.0s n_rt=1,048,273 n_sub=10731
2026-04-28 10:20:27,112 [INFO] [parallel] C0u seed=1086 done (87/100): runtime=57.6s n_rt=1,042,772 n_sub=10640
2026-04-28 10:21:02,310 [INFO] [parallel] C0u seed=1087 done (88/100): runtime=58.4s n_rt=1,044,226 n_sub=10418
2026-04-28 10:24:01,839 [INFO] [parallel] C0u seed=1088 done (89/100): runtime=60.3s n_rt=1,045,636 n_sub=10514
2026-04-28 10:24:09,514 [INFO] [parallel] C0u seed=1089 done (90/100): runtime=60.4s n_rt=1,042,947 n_sub=10846
2026-04-28 10:24:22,612 [INFO] [parallel] C0u seed=1090 done (91/100): runtime=59.1s n_rt=1,039,373 n_sub=10650
2026-04-28 10:24:26,426 [INFO] [parallel] C0u seed=1091 done (92/100): runtime=59.0s n_rt=1,048,079 n_sub=10698
2026-04-28 10:24:29,258 [INFO] [parallel] C0u seed=1092 done (93/100): runtime=58.2s n_rt=1,042,824 n_sub=10633
2026-04-28 10:24:30,412 [INFO] [parallel] C0u seed=1093 done (94/100): runtime=58.1s n_rt=1,042,702 n_sub=10340
2026-04-28 10:24:32,404 [INFO] [parallel] C0u seed=1094 done (95/100): runtime=58.2s n_rt=1,044,536 n_sub=10526
2026-04-28 10:25:01,352 [INFO] [parallel] C0u seed=1095 done (96/100): runtime=60.9s n_rt=1,039,945 n_sub=10519
2026-04-28 10:26:47,087 [INFO] [parallel] C0u seed=1096 done (97/100): runtime=54.6s n_rt=1,048,914 n_sub=10865
2026-04-28 10:26:51,064 [INFO] [parallel] C0u seed=1097 done (98/100): runtime=50.8s n_rt=1,041,234 n_sub=10689
2026-04-28 10:26:58,301 [INFO] [parallel] C0u seed=1098 done (99/100): runtime=46.2s n_rt=1,042,640 n_sub=10634
2026-04-28 10:27:00,881 [INFO] [parallel] C0u seed=1099 done (100/100): runtime=44.8s n_rt=1,050,507 n_sub=10707
2026-04-28 10:27:01,006 [INFO] [parallel] cond=C0u all done: total=3088.1s, throughput=0.03 trial/s
2026-04-28 10:27:01,012 [INFO] [parallel] cond=C0p n_seeds=100 n_workers=8 out=C:\Users\yuito\OneDrive\Documents\GitHub\speculation-game-info\experiments\YH006_1\data\C0p
2026-04-28 10:30:59,530 [INFO] [parallel] C0p seed=1000 done (1/100): runtime=54.7s n_rt=1,040,669 n_sub=10512
2026-04-28 10:31:01,248 [INFO] [parallel] C0p seed=1005 done (2/100): runtime=54.6s n_rt=1,042,048 n_sub=10560
2026-04-28 10:31:01,303 [INFO] [parallel] C0p seed=1001 done (3/100): runtime=55.5s n_rt=1,045,680 n_sub=10634
2026-04-28 10:31:02,020 [INFO] [parallel] C0p seed=1002 done (4/100): runtime=55.5s n_rt=1,048,844 n_sub=10699
2026-04-28 10:31:03,056 [INFO] [parallel] C0p seed=1004 done (5/100): runtime=55.8s n_rt=1,045,962 n_sub=10615
2026-04-28 10:31:03,327 [INFO] [parallel] C0p seed=1003 done (6/100): runtime=55.2s n_rt=1,045,164 n_sub=10431
2026-04-28 10:31:04,367 [INFO] [parallel] C0p seed=1007 done (7/100): runtime=55.8s n_rt=1,043,742 n_sub=10464
2026-04-28 10:31:04,845 [INFO] [parallel] C0p seed=1006 done (8/100): runtime=55.4s n_rt=1,045,353 n_sub=10523
2026-04-28 10:34:56,027 [INFO] [parallel] C0p seed=1008 done (9/100): runtime=58.6s n_rt=1,043,734 n_sub=10888
2026-04-28 10:34:57,471 [INFO] [parallel] C0p seed=1010 done (10/100): runtime=57.9s n_rt=1,045,487 n_sub=10537
2026-04-28 10:34:59,648 [INFO] [parallel] C0p seed=1011 done (11/100): runtime=58.5s n_rt=1,045,986 n_sub=10676
2026-04-28 10:34:59,807 [INFO] [parallel] C0p seed=1012 done (12/100): runtime=58.0s n_rt=1,040,714 n_sub=10714
2026-04-28 10:35:01,164 [INFO] [parallel] C0p seed=1014 done (13/100): runtime=57.8s n_rt=1,045,921 n_sub=10491
2026-04-28 10:35:01,303 [INFO] [parallel] C0p seed=1009 done (14/100): runtime=58.2s n_rt=1,047,364 n_sub=10567
2026-04-28 10:35:04,146 [INFO] [parallel] C0p seed=1013 done (15/100): runtime=57.9s n_rt=1,043,221 n_sub=10657
2026-04-28 10:35:05,183 [INFO] [parallel] C0p seed=1015 done (16/100): runtime=57.8s n_rt=1,049,101 n_sub=10799
2026-04-28 10:38:55,733 [INFO] [parallel] C0p seed=1016 done (17/100): runtime=58.6s n_rt=1,044,816 n_sub=10780
2026-04-28 10:38:57,686 [INFO] [parallel] C0p seed=1017 done (18/100): runtime=58.3s n_rt=1,044,407 n_sub=10466
2026-04-28 10:38:59,253 [INFO] [parallel] C0p seed=1018 done (19/100): runtime=58.5s n_rt=1,046,758 n_sub=10850
2026-04-28 10:39:00,765 [INFO] [parallel] C0p seed=1019 done (20/100): runtime=58.0s n_rt=1,046,817 n_sub=10606
2026-04-28 10:39:00,979 [INFO] [parallel] C0p seed=1021 done (21/100): runtime=57.5s n_rt=1,039,326 n_sub=10556
2026-04-28 10:39:01,170 [INFO] [parallel] C0p seed=1020 done (22/100): runtime=58.0s n_rt=1,040,418 n_sub=10579
2026-04-28 10:39:06,011 [INFO] [parallel] C0p seed=1023 done (23/100): runtime=56.7s n_rt=1,041,384 n_sub=10768
2026-04-28 10:39:07,853 [INFO] [parallel] C0p seed=1022 done (24/100): runtime=57.8s n_rt=1,043,406 n_sub=10791
2026-04-28 10:42:57,679 [INFO] [parallel] C0p seed=1025 done (25/100): runtime=60.0s n_rt=1,045,846 n_sub=10769
2026-04-28 10:42:58,967 [INFO] [parallel] C0p seed=1024 done (26/100): runtime=60.7s n_rt=1,049,109 n_sub=10852
2026-04-28 10:43:01,238 [INFO] [parallel] C0p seed=1026 done (27/100): runtime=60.7s n_rt=1,044,687 n_sub=10776
2026-04-28 10:43:02,033 [INFO] [parallel] C0p seed=1027 done (28/100): runtime=59.7s n_rt=1,043,520 n_sub=10387
2026-04-28 10:43:02,830 [INFO] [parallel] C0p seed=1028 done (29/100): runtime=59.6s n_rt=1,043,963 n_sub=10612
2026-04-28 10:43:02,861 [INFO] [parallel] C0p seed=1029 done (30/100): runtime=59.7s n_rt=1,044,290 n_sub=10545
2026-04-28 10:43:10,386 [INFO] [parallel] C0p seed=1030 done (31/100): runtime=59.6s n_rt=1,046,399 n_sub=10636
2026-04-28 10:43:10,857 [INFO] [parallel] C0p seed=1031 done (32/100): runtime=59.9s n_rt=1,041,787 n_sub=10622
2026-04-28 10:46:54,020 [INFO] [parallel] C0p seed=1033 done (33/100): runtime=57.2s n_rt=1,042,090 n_sub=10604
2026-04-28 10:46:55,475 [INFO] [parallel] C0p seed=1032 done (34/100): runtime=58.0s n_rt=1,047,622 n_sub=10693
2026-04-28 10:46:56,223 [INFO] [parallel] C0p seed=1035 done (35/100): runtime=57.0s n_rt=1,046,519 n_sub=10738
2026-04-28 10:46:56,937 [INFO] [parallel] C0p seed=1034 done (36/100): runtime=57.4s n_rt=1,044,453 n_sub=10660
2026-04-28 10:46:58,874 [INFO] [parallel] C0p seed=1036 done (37/100): runtime=57.0s n_rt=1,042,342 n_sub=10724
2026-04-28 10:46:59,712 [INFO] [parallel] C0p seed=1037 done (38/100): runtime=57.3s n_rt=1,043,862 n_sub=10380
2026-04-28 10:47:07,844 [INFO] [parallel] C0p seed=1038 done (39/100): runtime=55.9s n_rt=1,045,552 n_sub=10645
2026-04-28 10:47:10,793 [INFO] [parallel] C0p seed=1039 done (40/100): runtime=55.5s n_rt=1,042,899 n_sub=10592
2026-04-28 10:51:24,063 [INFO] [parallel] C0p seed=1040 done (41/100): runtime=63.7s n_rt=1,046,555 n_sub=10565
2026-04-28 10:51:27,213 [INFO] [parallel] C0p seed=1042 done (42/100): runtime=63.6s n_rt=1,042,484 n_sub=10674
2026-04-28 10:51:27,858 [INFO] [parallel] C0p seed=1043 done (43/100): runtime=63.8s n_rt=1,045,268 n_sub=10841
2026-04-28 10:51:28,092 [INFO] [parallel] C0p seed=1041 done (44/100): runtime=63.8s n_rt=1,051,161 n_sub=10835
2026-04-28 10:51:32,436 [INFO] [parallel] C0p seed=1044 done (45/100): runtime=63.6s n_rt=1,049,775 n_sub=10974
2026-04-28 10:51:34,428 [INFO] [parallel] C0p seed=1045 done (46/100): runtime=63.9s n_rt=1,053,043 n_sub=10861
2026-04-28 10:51:41,828 [INFO] [parallel] C0p seed=1046 done (47/100): runtime=63.1s n_rt=1,048,321 n_sub=10814
2026-04-28 10:51:45,442 [INFO] [parallel] C0p seed=1047 done (48/100): runtime=63.2s n_rt=1,044,817 n_sub=10659
2026-04-28 10:55:57,921 [INFO] [parallel] C0p seed=1048 done (49/100): runtime=64.9s n_rt=1,046,367 n_sub=10630
2026-04-28 10:55:58,578 [INFO] [parallel] C0p seed=1049 done (50/100): runtime=63.9s n_rt=1,039,599 n_sub=10623
2026-04-28 10:55:59,153 [INFO] [parallel] C0p seed=1050 done (51/100): runtime=63.8s n_rt=1,040,146 n_sub=10479
2026-04-28 10:56:00,446 [INFO] [parallel] C0p seed=1051 done (52/100): runtime=63.8s n_rt=1,043,859 n_sub=10658
2026-04-28 10:56:04,557 [INFO] [parallel] C0p seed=1052 done (53/100): runtime=62.9s n_rt=1,046,092 n_sub=10646
2026-04-28 10:56:06,916 [INFO] [parallel] C0p seed=1053 done (54/100): runtime=62.9s n_rt=1,042,240 n_sub=10658
2026-04-28 10:56:14,843 [INFO] [parallel] C0p seed=1054 done (55/100): runtime=62.0s n_rt=1,042,760 n_sub=10550
2026-04-28 10:56:22,040 [INFO] [parallel] C0p seed=1055 done (56/100): runtime=62.3s n_rt=1,043,508 n_sub=10552
2026-04-28 11:00:27,625 [INFO] [parallel] C0p seed=1056 done (57/100): runtime=64.6s n_rt=1,041,098 n_sub=10561
2026-04-28 11:00:30,492 [INFO] [parallel] C0p seed=1059 done (58/100): runtime=64.2s n_rt=1,042,243 n_sub=10541
2026-04-28 11:00:30,606 [INFO] [parallel] C0p seed=1058 done (59/100): runtime=64.8s n_rt=1,045,503 n_sub=10734
2026-04-28 11:00:31,102 [INFO] [parallel] C0p seed=1057 done (60/100): runtime=64.7s n_rt=1,044,749 n_sub=10573
2026-04-28 11:00:35,443 [INFO] [parallel] C0p seed=1060 done (61/100): runtime=63.8s n_rt=1,040,221 n_sub=10648
2026-04-28 11:00:38,418 [INFO] [parallel] C0p seed=1061 done (62/100): runtime=63.1s n_rt=1,046,575 n_sub=10415
2026-04-28 11:00:47,255 [INFO] [parallel] C0p seed=1062 done (63/100): runtime=62.3s n_rt=1,044,384 n_sub=10922
2026-04-28 11:00:58,035 [INFO] [parallel] C0p seed=1063 done (64/100): runtime=62.3s n_rt=1,045,740 n_sub=10695
2026-04-28 11:05:01,218 [INFO] [parallel] C0p seed=1064 done (65/100): runtime=65.7s n_rt=1,046,961 n_sub=10904
2026-04-28 11:05:01,688 [INFO] [parallel] C0p seed=1066 done (66/100): runtime=65.0s n_rt=1,043,517 n_sub=10685
2026-04-28 11:05:03,213 [INFO] [parallel] C0p seed=1067 done (67/100): runtime=64.7s n_rt=1,045,115 n_sub=10560
2026-04-28 11:05:03,484 [INFO] [parallel] C0p seed=1065 done (68/100): runtime=64.8s n_rt=1,046,417 n_sub=10579
2026-04-28 11:05:07,873 [INFO] [parallel] C0p seed=1068 done (69/100): runtime=63.8s n_rt=1,048,414 n_sub=10672
2026-04-28 11:05:11,846 [INFO] [parallel] C0p seed=1069 done (70/100): runtime=63.4s n_rt=1,047,725 n_sub=10652
2026-04-28 11:05:20,353 [INFO] [parallel] C0p seed=1070 done (71/100): runtime=62.4s n_rt=1,045,420 n_sub=10805
2026-04-28 11:05:36,144 [INFO] [parallel] C0p seed=1071 done (72/100): runtime=62.9s n_rt=1,044,603 n_sub=10709
2026-04-28 11:09:38,417 [INFO] [parallel] C0p seed=1075 done (73/100): runtime=64.4s n_rt=1,040,834 n_sub=10607
2026-04-28 11:09:38,787 [INFO] [parallel] C0p seed=1072 done (74/100): runtime=65.3s n_rt=1,045,153 n_sub=10649
2026-04-28 11:09:39,312 [INFO] [parallel] C0p seed=1073 done (75/100): runtime=65.3s n_rt=1,048,235 n_sub=10743
2026-04-28 11:09:41,368 [INFO] [parallel] C0p seed=1074 done (76/100): runtime=65.1s n_rt=1,045,663 n_sub=10799
2026-04-28 11:09:42,176 [INFO] [parallel] C0p seed=1076 done (77/100): runtime=63.9s n_rt=1,042,365 n_sub=10590
2026-04-28 11:09:46,609 [INFO] [parallel] C0p seed=1077 done (78/100): runtime=63.2s n_rt=1,043,112 n_sub=10678
2026-04-28 11:09:57,743 [INFO] [parallel] C0p seed=1078 done (79/100): runtime=63.2s n_rt=1,044,475 n_sub=10844
2026-04-28 11:10:20,426 [INFO] [parallel] C0p seed=1079 done (80/100): runtime=64.1s n_rt=1,043,599 n_sub=10668
2026-04-28 11:14:14,570 [INFO] [parallel] C0p seed=1081 done (81/100): runtime=66.3s n_rt=1,044,844 n_sub=10493
2026-04-28 11:14:15,522 [INFO] [parallel] C0p seed=1080 done (82/100): runtime=66.6s n_rt=1,049,083 n_sub=10635
2026-04-28 11:14:16,391 [INFO] [parallel] C0p seed=1082 done (83/100): runtime=66.4s n_rt=1,051,592 n_sub=10663
2026-04-28 11:14:17,441 [INFO] [parallel] C0p seed=1083 done (84/100): runtime=65.9s n_rt=1,041,959 n_sub=10684
2026-04-28 11:14:18,023 [INFO] [parallel] C0p seed=1084 done (85/100): runtime=65.3s n_rt=1,044,090 n_sub=10707
2026-04-28 11:14:23,255 [INFO] [parallel] C0p seed=1085 done (86/100): runtime=65.1s n_rt=1,044,087 n_sub=10916
2026-04-28 11:14:33,580 [INFO] [parallel] C0p seed=1086 done (87/100): runtime=63.3s n_rt=1,040,331 n_sub=10664
2026-04-28 11:15:03,971 [INFO] [parallel] C0p seed=1087 done (88/100): runtime=66.1s n_rt=1,045,051 n_sub=10459
2026-04-28 11:18:47,459 [INFO] [parallel] C0p seed=1088 done (89/100): runtime=65.4s n_rt=1,045,204 n_sub=10616
2026-04-28 11:18:48,916 [INFO] [parallel] C0p seed=1089 done (90/100): runtime=65.2s n_rt=1,040,758 n_sub=10633
2026-04-28 11:18:50,535 [INFO] [parallel] C0p seed=1090 done (91/100): runtime=65.5s n_rt=1,048,248 n_sub=10819
2026-04-28 11:18:50,776 [INFO] [parallel] C0p seed=1091 done (92/100): runtime=64.8s n_rt=1,044,680 n_sub=10562
2026-04-28 11:18:51,964 [INFO] [parallel] C0p seed=1092 done (93/100): runtime=64.9s n_rt=1,045,049 n_sub=10888
2026-04-28 11:18:55,599 [INFO] [parallel] C0p seed=1093 done (94/100): runtime=64.1s n_rt=1,045,053 n_sub=10569
2026-04-28 11:19:05,038 [INFO] [parallel] C0p seed=1094 done (95/100): runtime=62.9s n_rt=1,039,270 n_sub=10682
2026-04-28 11:19:34,654 [INFO] [parallel] C0p seed=1095 done (96/100): runtime=65.6s n_rt=1,041,504 n_sub=10728
2026-04-28 11:22:03,772 [INFO] [parallel] C0p seed=1096 done (97/100): runtime=53.0s n_rt=1,045,213 n_sub=10691
2026-04-28 11:22:04,222 [INFO] [parallel] C0p seed=1097 done (98/100): runtime=52.6s n_rt=1,043,393 n_sub=10862
2026-04-28 11:22:05,881 [INFO] [parallel] C0p seed=1099 done (99/100): runtime=51.8s n_rt=1,046,214 n_sub=10677
2026-04-28 11:22:06,272 [INFO] [parallel] C0p seed=1098 done (100/100): runtime=52.5s n_rt=1,045,943 n_sub=10764
2026-04-28 11:22:06,367 [INFO] [parallel] cond=C0p all done: total=3305.4s, throughput=0.03 trial/s
2026-04-28 11:22:06,370 [INFO] --- aggregating ensemble_summary ---
2026-04-28 11:49:56,717 [INFO] [summary] saved 200 rows to C:\Users\yuito\OneDrive\Documents\GitHub\speculation-game-info\experiments\YH006_1\data\ensemble_summary.parquet
2026-04-28 11:50:12,908 [INFO] [pooled] C0u pooled n_rt=104,454,012 bin_var_slope_pooled=-0.4036
2026-04-28 11:50:28,203 [INFO] [pooled] C0p pooled n_rt=104,470,944 bin_var_slope_pooled=-0.2879
2026-04-28 11:50:28,207 [INFO] [sub-checkpoint] C0u q90_q10_slope_diff SD = 0.0121 (n=100) OK <=0.3
2026-04-28 11:50:28,209 [INFO] [sub-checkpoint] C0p q90_q10_slope_diff SD = 0.0121 (n=100) OK <=0.3
2026-04-28 11:50:28,211 [INFO] [censoring] C0u: 0 trial(s) with lifetime_median > T/2
2026-04-28 11:50:28,212 [INFO] [censoring] C0p: 0 trial(s) with lifetime_median > T/2
2026-04-28 11:50:28,228 [WARNING] [smoke] PAMS unavailable on this env \u2014 LOB smoke skipped: PAMS 0.2.2 unavailable on this env \u2014 LOB smoke é═ Mac é┼é╠é▌Ä└Źsē┬üB
2026-04-28 11:50:29,192 [INFO] [output] saved: C:\Users\yuito\OneDrive\Documents\GitHub\speculation-game-info\experiments\YH006_1\outputs\tables\tab_S2_aggregate_summary.csv
2026-04-28 11:50:33,881 [INFO] [output] saved: C:\Users\yuito\OneDrive\Documents\GitHub\speculation-game-info\experiments\YH006_1\outputs\figures\fig_S2_aggregate_distributions.png
2026-04-28 11:50:34,383 [INFO] [output] appended README: C:\Users\yuito\OneDrive\Documents\GitHub\speculation-game-info\experiments\YH006_1\README.md
2026-04-28 11:50:34,384 [INFO] ======================================================================
2026-04-28 11:50:34,385 [INFO] S2 aggregate ensemble complete.
2026-04-28 11:50:34,385 [INFO] ======================================================================
